C:\Program Files (x86)\Microsoft Visual Studio\2017\Community\Common7\IDE\VC\VCTargets\Microsoft.CppBuild.targets(391,5): warning MSB8028: 中间目录(Release\)包含从另一个项目(RemoteDebuggerLib.vcxproj)共享的文件。   这会导致错误的清除和重新生成行为。
  RemoteDebugger.cpp
c:\users\administrator\source\repos\luaedit2010source\application\rpc\remotedebugger\remotedebugger.cpp(12): fatal error C1083: 无法打开包括文件: “include/RemoteDebugger.hpp”: No such file or directory
  BreakAtLine.cpp
  Unknown compiler version - please run the configure tests and report the results
c:\users\administrator\source\repos\luaedit2010source\application\rpc\remotedebugger\rpc\rpcserver.hpp(6): fatal error C1083: 无法打开包括文件: “Rpc/RemoteDebugger/Events/Events.hpp”: No such file or directory
  DebugActionCmd.cpp
  Unknown compiler version - please run the configure tests and report the results
c:\users\administrator\source\repos\luaedit2010source\application\rpc\remotedebugger\rpc\rpcserver.hpp(6): fatal error C1083: 无法打开包括文件: “Rpc/RemoteDebugger/Events/Events.hpp”: No such file or directory
  DebugManager.cpp
  Unknown compiler version - please run the configure tests and report the results
c:\users\administrator\source\repos\luaedit2010source\application\rpc\remotedebugger\rpc\rpcserver.hpp(6): fatal error C1083: 无法打开包括文件: “Rpc/RemoteDebugger/Events/Events.hpp”: No such file or directory
  LuaError.cpp
  Unknown compiler version - please run the configure tests and report the results
c:\users\administrator\source\repos\luaedit2010source\application\rpc\remotedebugger\rpc\rpcserver.hpp(6): fatal error C1083: 无法打开包括文件: “Rpc/RemoteDebugger/Events/Events.hpp”: No such file or directory
  LuaOutput.cpp
  Unknown compiler version - please run the configure tests and report the results
c:\users\administrator\source\repos\luaedit2010source\application\rpc\remotedebugger\rpc\rpcserver.hpp(6): fatal error C1083: 无法打开包括文件: “Rpc/RemoteDebugger/Events/Events.hpp”: No such file or directory
  RunScriptInVM.cpp
  Unknown compiler version - please run the configure tests and report the results
c:\users\administrator\source\repos\luaedit2010source\application\rpc\remotedebugger\rpc\rpcserver.hpp(6): fatal error C1083: 无法打开包括文件: “Rpc/RemoteDebugger/Events/Events.hpp”: No such file or directory
  RunToLineCmd.cpp
  Unknown compiler version - please run the configure tests and report the results
c:\users\administrator\source\repos\luaedit2010source\application\rpc\remotedebugger\rpc\rpcserver.hpp(6): fatal error C1083: 无法打开包括文件: “Rpc/RemoteDebugger/Events/Events.hpp”: No such file or directory
  SetLuaVariable.cpp
  Unknown compiler version - please run the configure tests and report the results
c:\users\administrator\source\repos\luaedit2010source\application\rpc\remotedebugger\rpc\rpcserver.hpp(6): fatal error C1083: 无法打开包括文件: “Rpc/RemoteDebugger/Events/Events.hpp”: No such file or directory
  UnBreakAtLine.cpp
  Unknown compiler version - please run the configure tests and report the results
c:\users\administrator\source\repos\luaedit2010source\application\rpc\remotedebugger\rpc\rpcserver.hpp(6): fatal error C1083: 无法打开包括文件: “Rpc/RemoteDebugger/Events/Events.hpp”: No such file or directory
  UpdateBreakpoints.cpp
  Unknown compiler version - please run the configure tests and report the results
c:\users\administrator\source\repos\luaedit2010source\application\rpc\remotedebugger\rpc\rpcserver.hpp(6): fatal error C1083: 无法打开包括文件: “Rpc/RemoteDebugger/Events/Events.hpp”: No such file or directory
  UpdateDebugInfo.cpp
  Unknown compiler version - please run the configure tests and report the results
c:\users\administrator\source\repos\luaedit2010source\application\rpc\remotedebugger\rpc\rpcserver.hpp(6): fatal error C1083: 无法打开包括文件: “Rpc/RemoteDebugger/Events/Events.hpp”: No such file or directory
  UpdateTableDetails.cpp
  Unknown compiler version - please run the configure tests and report the results
c:\users\administrator\source\repos\luaedit2010source\application\rpc\remotedebugger\rpc\rpcserver.hpp(6): fatal error C1083: 无法打开包括文件: “Rpc/RemoteDebugger/Events/Events.hpp”: No such file or directory
  RpcServer.cpp
  Unknown compiler version - please run the configure tests and report the results
c:\users\administrator\source\repos\luaedit2010source\application\rpc\remotedebugger\rpc\rpcserver.hpp(6): fatal error C1083: 无法打开包括文件: “Rpc/RemoteDebugger/Events/Events.hpp”: No such file or directory
